<?xml version="1.0" encoding="UTF-8"?>
<testng-results ignored="14" total="26" passed="11" failed="1" skipped="0">
  <reporter-output>
  </reporter-output>
  <suite started-at="2024-04-03T23:15:13 IST" name="Suite" finished-at="2024-04-03T23:20:53 IST" duration-ms="340252">
    <groups>
      <group name="Sanity">
        <method signature="AccountCreationPageTest.verifyCreateAccountPageTest()[pri:0, instance:com.myStore.testScripts.AccountCreationPageTest@2e385cce]" name="verifyCreateAccountPageTest" class="com.myStore.testScripts.AccountCreationPageTest"/>
        <method signature="AddToCartPageTest.addToCartTest()[pri:0, instance:com.myStore.testScripts.AddToCartPageTest@f78a47e]" name="addToCartTest" class="com.myStore.testScripts.AddToCartPageTest"/>
        <method signature="LoginPageTest.loginTest(java.lang.String,java.lang.String)[pri:0, instance:com.myStore.testScripts.LoginPageTest@740cae06]" name="loginTest" class="com.myStore.testScripts.LoginPageTest"/>
      </group> <!-- Sanity -->
      <group name="Regression">
        <method signature="AddToCartPageTest.addToCartTest()[pri:0, instance:com.myStore.testScripts.AddToCartPageTest@f78a47e]" name="addToCartTest" class="com.myStore.testScripts.AddToCartPageTest"/>
        <method signature="EndToEndTest.endToEndTest()[pri:0, instance:com.myStore.testScripts.EndToEndTest@26d9b808]" name="endToEndTest" class="com.myStore.testScripts.EndToEndTest"/>
        <method signature="OrderPageTest.verifyTotalPrice()[pri:0, instance:com.myStore.testScripts.OrderPageTest@f0c8a99]" name="verifyTotalPrice" class="com.myStore.testScripts.OrderPageTest"/>
      </group> <!-- Regression -->
      <group name="Smoke">
        <method signature="HomePageTest.adderessPageTest()[pri:0, instance:com.myStore.testScripts.HomePageTest@2ddc9a9f]" name="adderessPageTest" class="com.myStore.testScripts.HomePageTest"/>
        <method signature="HomePageTest.orderHistoryTest()[pri:0, instance:com.myStore.testScripts.HomePageTest@2ddc9a9f]" name="orderHistoryTest" class="com.myStore.testScripts.HomePageTest"/>
        <method signature="IndexPageTest.verifyLogo()[pri:0, instance:com.myStore.testScripts.IndexPageTest@3c77d488]" name="verifyLogo" class="com.myStore.testScripts.IndexPageTest"/>
        <method signature="IndexPageTest.verifyTitle()[pri:0, instance:com.myStore.testScripts.IndexPageTest@3c77d488]" name="verifyTitle" class="com.myStore.testScripts.IndexPageTest"/>
        <method signature="LoginPageTest.loginTest(java.lang.String,java.lang.String)[pri:0, instance:com.myStore.testScripts.LoginPageTest@740cae06]" name="loginTest" class="com.myStore.testScripts.LoginPageTest"/>
        <method signature="SearchResultPageTest.productAvailableTest()[pri:0, instance:com.myStore.testScripts.SearchResultPageTest@298a5e20]" name="productAvailableTest" class="com.myStore.testScripts.SearchResultPageTest"/>
      </group> <!-- Smoke -->
    </groups>
    <test started-at="2024-04-03T23:15:13 IST" name="Test_All" finished-at="2024-04-03T23:20:53 IST" duration-ms="340252">
      <class name="com.myStore.testScripts.OrderPageTest">
        <test-method is-config="true" signature="setup(java.lang.String)[pri:0, instance:com.myStore.testScripts.OrderPageTest@f0c8a99]" started-at="2024-04-03T23:17:16 IST" name="setup" finished-at="2024-04-03T23:17:34 IST" duration-ms="17755" status="PASS">
          <params>
            <param index="0">
              <value>
                <![CDATA[Chrome]]>
              </value>
            </param>
          </params>
          <reporter-output>
          </reporter-output>
        </test-method> <!-- setup -->
        <test-method signature="verifyTotalPrice()[pri:0, instance:com.myStore.testScripts.OrderPageTest@f0c8a99]" started-at="2024-04-03T23:17:34 IST" name="verifyTotalPrice" finished-at="2024-04-03T23:17:45 IST" duration-ms="11257" status="PASS">
          <reporter-output>
          </reporter-output>
        </test-method> <!-- verifyTotalPrice -->
        <test-method is-config="true" signature="tearDown()[pri:0, instance:com.myStore.testScripts.OrderPageTest@f0c8a99]" started-at="2024-04-03T23:17:45 IST" name="tearDown" finished-at="2024-04-03T23:17:45 IST" duration-ms="148" status="PASS">
          <reporter-output>
          </reporter-output>
        </test-method> <!-- tearDown -->
      </class> <!-- com.myStore.testScripts.OrderPageTest -->
      <class name="com.myStore.testScripts.AccountCreationPageTest">
        <test-method is-config="true" signature="setup(java.lang.String)[pri:0, instance:com.myStore.testScripts.AccountCreationPageTest@2e385cce]" started-at="2024-04-03T23:15:44 IST" name="setup" finished-at="2024-04-03T23:15:56 IST" duration-ms="12321" status="PASS">
          <params>
            <param index="0">
              <value>
                <![CDATA[Chrome]]>
              </value>
            </param>
          </params>
          <reporter-output>
          </reporter-output>
        </test-method> <!-- setup -->
        <test-method signature="verifyCreateAccountPageTest()[pri:0, instance:com.myStore.testScripts.AccountCreationPageTest@2e385cce]" started-at="2024-04-03T23:15:56 IST" name="verifyCreateAccountPageTest" finished-at="2024-04-03T23:16:01 IST" duration-ms="4659" status="PASS">
          <reporter-output>
          </reporter-output>
        </test-method> <!-- verifyCreateAccountPageTest -->
        <test-method is-config="true" signature="tearDown()[pri:0, instance:com.myStore.testScripts.AccountCreationPageTest@2e385cce]" started-at="2024-04-03T23:16:01 IST" name="tearDown" finished-at="2024-04-03T23:16:01 IST" duration-ms="235" status="PASS">
          <reporter-output>
          </reporter-output>
        </test-method> <!-- tearDown -->
      </class> <!-- com.myStore.testScripts.AccountCreationPageTest -->
      <class name="com.myStore.testScripts.HomePageTest">
        <test-method is-config="true" signature="setup(java.lang.String)[pri:0, instance:com.myStore.testScripts.HomePageTest@2ddc9a9f]" started-at="2024-04-03T23:16:01 IST" name="setup" finished-at="2024-04-03T23:16:12 IST" duration-ms="10609" status="PASS">
          <params>
            <param index="0">
              <value>
                <![CDATA[Chrome]]>
              </value>
            </param>
          </params>
          <reporter-output>
          </reporter-output>
        </test-method> <!-- setup -->
        <test-method signature="adderessPageTest()[pri:0, instance:com.myStore.testScripts.HomePageTest@2ddc9a9f]" started-at="2024-04-03T23:16:12 IST" name="adderessPageTest" finished-at="2024-04-03T23:16:18 IST" duration-ms="5861" status="PASS">
          <reporter-output>
          </reporter-output>
        </test-method> <!-- adderessPageTest -->
        <test-method is-config="true" signature="tearDown()[pri:0, instance:com.myStore.testScripts.HomePageTest@2ddc9a9f]" started-at="2024-04-03T23:16:18 IST" name="tearDown" finished-at="2024-04-03T23:16:18 IST" duration-ms="153" status="PASS">
          <reporter-output>
          </reporter-output>
        </test-method> <!-- tearDown -->
        <test-method is-config="true" signature="setup(java.lang.String)[pri:0, instance:com.myStore.testScripts.HomePageTest@2ddc9a9f]" started-at="2024-04-03T23:16:18 IST" name="setup" finished-at="2024-04-03T23:16:32 IST" duration-ms="14586" status="PASS">
          <params>
            <param index="0">
              <value>
                <![CDATA[Chrome]]>
              </value>
            </param>
          </params>
          <reporter-output>
          </reporter-output>
        </test-method> <!-- setup -->
        <test-method signature="orderHistoryTest()[pri:0, instance:com.myStore.testScripts.HomePageTest@2ddc9a9f]" started-at="2024-04-03T23:16:32 IST" name="orderHistoryTest" finished-at="2024-04-03T23:16:39 IST" duration-ms="6431" status="PASS">
          <reporter-output>
          </reporter-output>
        </test-method> <!-- orderHistoryTest -->
        <test-method is-config="true" signature="tearDown()[pri:0, instance:com.myStore.testScripts.HomePageTest@2ddc9a9f]" started-at="2024-04-03T23:16:39 IST" name="tearDown" finished-at="2024-04-03T23:16:39 IST" duration-ms="206" status="PASS">
          <reporter-output>
          </reporter-output>
        </test-method> <!-- tearDown -->
        <test-method is-config="true" signature="setup(java.lang.String)[pri:0, instance:com.myStore.testScripts.HomePageTest@2ddc9a9f]" started-at="2024-04-03T23:16:39 IST" name="setup" finished-at="2024-04-03T23:16:53 IST" duration-ms="14408" status="PASS">
          <params>
            <param index="0">
              <value>
                <![CDATA[Chrome]]>
              </value>
            </param>
          </params>
          <reporter-output>
          </reporter-output>
        </test-method> <!-- setup -->
        <test-method signature="salarySlipTest()[pri:0, instance:com.myStore.testScripts.HomePageTest@2ddc9a9f]" started-at="2024-04-03T23:16:53 IST" name="salarySlipTest" finished-at="2024-04-03T23:16:59 IST" duration-ms="5997" status="PASS">
          <reporter-output>
          </reporter-output>
        </test-method> <!-- salarySlipTest -->
        <test-method is-config="true" signature="tearDown()[pri:0, instance:com.myStore.testScripts.HomePageTest@2ddc9a9f]" started-at="2024-04-03T23:16:59 IST" name="tearDown" finished-at="2024-04-03T23:17:00 IST" duration-ms="314" status="PASS">
          <reporter-output>
          </reporter-output>
        </test-method> <!-- tearDown -->
      </class> <!-- com.myStore.testScripts.HomePageTest -->
      <class name="com.myStore.testScripts.IndexPageTest">
        <test-method is-config="true" signature="loadConfig()[pri:0, instance:com.myStore.testScripts.IndexPageTest@3c77d488]" started-at="2024-04-03T23:15:12 IST" name="loadConfig" finished-at="2024-04-03T23:15:13 IST" duration-ms="423" status="PASS">
          <reporter-output>
          </reporter-output>
        </test-method> <!-- loadConfig -->
        <test-method is-config="true" signature="setup(java.lang.String)[pri:0, instance:com.myStore.testScripts.IndexPageTest@3c77d488]" started-at="2024-04-03T23:15:13 IST" name="setup" finished-at="2024-04-03T23:15:31 IST" duration-ms="18108" status="PASS">
          <params>
            <param index="0">
              <value>
                <![CDATA[Chrome]]>
              </value>
            </param>
          </params>
          <reporter-output>
          </reporter-output>
        </test-method> <!-- setup -->
        <test-method signature="verifyLogo()[pri:0, instance:com.myStore.testScripts.IndexPageTest@3c77d488]" started-at="2024-04-03T23:15:31 IST" name="verifyLogo" finished-at="2024-04-03T23:15:31 IST" duration-ms="195" status="PASS">
          <reporter-output>
          </reporter-output>
        </test-method> <!-- verifyLogo -->
        <test-method is-config="true" signature="tearDown()[pri:0, instance:com.myStore.testScripts.IndexPageTest@3c77d488]" started-at="2024-04-03T23:15:31 IST" name="tearDown" finished-at="2024-04-03T23:15:31 IST" duration-ms="245" status="PASS">
          <reporter-output>
          </reporter-output>
        </test-method> <!-- tearDown -->
        <test-method is-config="true" signature="setup(java.lang.String)[pri:0, instance:com.myStore.testScripts.IndexPageTest@3c77d488]" started-at="2024-04-03T23:15:31 IST" name="setup" finished-at="2024-04-03T23:15:44 IST" duration-ms="12156" status="PASS">
          <params>
            <param index="0">
              <value>
                <![CDATA[Chrome]]>
              </value>
            </param>
          </params>
          <reporter-output>
          </reporter-output>
        </test-method> <!-- setup -->
        <test-method signature="verifyTitle()[pri:0, instance:com.myStore.testScripts.IndexPageTest@3c77d488]" started-at="2024-04-03T23:15:44 IST" name="verifyTitle" finished-at="2024-04-03T23:15:44 IST" duration-ms="17" status="PASS">
          <reporter-output>
          </reporter-output>
        </test-method> <!-- verifyTitle -->
        <test-method is-config="true" signature="tearDown()[pri:0, instance:com.myStore.testScripts.IndexPageTest@3c77d488]" started-at="2024-04-03T23:15:44 IST" name="tearDown" finished-at="2024-04-03T23:15:44 IST" duration-ms="172" status="PASS">
          <reporter-output>
          </reporter-output>
        </test-method> <!-- tearDown -->
        <test-method is-config="true" signature="afterSuite()[pri:0, instance:com.myStore.testScripts.IndexPageTest@3c77d488]" started-at="2024-04-03T23:20:53 IST" name="afterSuite" finished-at="2024-04-03T23:20:54 IST" duration-ms="594" status="PASS">
          <reporter-output>
          </reporter-output>
        </test-method> <!-- afterSuite -->
      </class> <!-- com.myStore.testScripts.IndexPageTest -->
      <class name="com.myStore.testScripts.LoginPageTest">
        <test-method is-config="true" signature="setup(java.lang.String)[pri:0, instance:com.myStore.testScripts.LoginPageTest@740cae06]" started-at="2024-04-03T23:17:46 IST" name="setup" finished-at="2024-04-03T23:17:57 IST" duration-ms="10592" status="PASS">
          <params>
            <param index="0">
              <value>
                <![CDATA[Chrome]]>
              </value>
            </param>
          </params>
          <reporter-output>
          </reporter-output>
        </test-method> <!-- setup -->
        <test-method signature="loginTest(java.lang.String,java.lang.String)[pri:0, instance:com.myStore.testScripts.LoginPageTest@740cae06]" started-at="2024-04-03T23:17:57 IST" name="loginTest" data-provider="credentials" finished-at="2024-04-03T23:18:07 IST" duration-ms="10840" status="PASS">
          <params>
            <param index="0">
              <value>
                <![CDATA[devendray1292433@gmail.com]]>
              </value>
            </param>
            <param index="1">
              <value>
                <![CDATA[Devendra@0526]]>
              </value>
            </param>
          </params>
          <reporter-output>
          </reporter-output>
        </test-method> <!-- loginTest -->
        <test-method is-config="true" signature="tearDown()[pri:0, instance:com.myStore.testScripts.LoginPageTest@740cae06]" started-at="2024-04-03T23:18:07 IST" name="tearDown" finished-at="2024-04-03T23:18:08 IST" duration-ms="160" status="PASS">
          <reporter-output>
          </reporter-output>
        </test-method> <!-- tearDown -->
        <test-method is-config="true" signature="setup(java.lang.String)[pri:0, instance:com.myStore.testScripts.LoginPageTest@740cae06]" started-at="2024-04-03T23:18:08 IST" name="setup" finished-at="2024-04-03T23:18:12 IST" duration-ms="4075" status="PASS">
          <params>
            <param index="0">
              <value>
                <![CDATA[Chrome]]>
              </value>
            </param>
          </params>
          <reporter-output>
          </reporter-output>
        </test-method> <!-- setup -->
        <test-method signature="loginTest(java.lang.String,java.lang.String)[pri:0, instance:com.myStore.testScripts.LoginPageTest@740cae06]" started-at="2024-04-03T23:18:12 IST" name="loginTest" data-provider="credentials" finished-at="2024-04-03T23:19:24 IST" duration-ms="72285" status="FAIL">
          <params>
            <param index="0">
              <value>
                <![CDATA[abcd@gmail.com]]>
              </value>
            </param>
            <param index="1">
              <value>
                <![CDATA[abcd@123]]>
              </value>
            </param>
          </params>
          <exception class="org.openqa.selenium.json.JsonException">
            <message>
              <![CDATA[java.lang.reflect.InvocationTargetException
Build info: version: '4.18.1', revision: 'b1d3319b48'
System info: os.name: 'Windows 11', os.arch: 'amd64', os.version: '10.0', java.version: '17.0.10'
Driver info: org.openqa.selenium.chrome.ChromeDriver
Command: [beba6cc7d68df027cbc0c336171e1a6c, actions {actions=[org.openqa.selenium.interactions.Sequence@6d6f6ca9]}]
Capabilities {acceptInsecureCerts: false, browserName: chrome, browserVersion: 123.0.6312.86, chrome: {chromedriverVersion: 123.0.6312.86 (9b72c47a0536..., userDataDir: C:\Users\deven\AppData\Loca...}, fedcm:accounts: true, goog:chromeOptions: {debuggerAddress: localhost:59238}, networkConnectionEnabled: false, pageLoadStrategy: normal, platformName: windows, proxy: Proxy(), se:cdp: ws://localhost:59238/devtoo..., se:cdpVersion: 123.0.6312.86, setWindowRect: true, strictFileInteractability: false, timeouts: {implicit: 0, pageLoad: 300000, script: 30000}, unhandledPromptBehavior: dismiss and notify, webauthn:extension:credBlob: true, webauthn:extension:largeBlob: true, webauthn:extension:minPinLength: true, webauthn:extension:prf: true, webauthn:virtualAuthenticators: true}
Session ID: beba6cc7d68df027cbc0c336171e1a6c]]>
            </message>
            <full-stacktrace>
              <![CDATA[org.openqa.selenium.json.JsonException: java.lang.reflect.InvocationTargetException
Build info: version: '4.18.1', revision: 'b1d3319b48'
System info: os.name: 'Windows 11', os.arch: 'amd64', os.version: '10.0', java.version: '17.0.10'
Driver info: org.openqa.selenium.chrome.ChromeDriver
Command: [beba6cc7d68df027cbc0c336171e1a6c, actions {actions=[org.openqa.selenium.interactions.Sequence@6d6f6ca9]}]
Capabilities {acceptInsecureCerts: false, browserName: chrome, browserVersion: 123.0.6312.86, chrome: {chromedriverVersion: 123.0.6312.86 (9b72c47a0536..., userDataDir: C:\Users\deven\AppData\Loca...}, fedcm:accounts: true, goog:chromeOptions: {debuggerAddress: localhost:59238}, networkConnectionEnabled: false, pageLoadStrategy: normal, platformName: windows, proxy: Proxy(), se:cdp: ws://localhost:59238/devtoo..., se:cdpVersion: 123.0.6312.86, setWindowRect: true, strictFileInteractability: false, timeouts: {implicit: 0, pageLoad: 300000, script: 30000}, unhandledPromptBehavior: dismiss and notify, webauthn:extension:credBlob: true, webauthn:extension:largeBlob: true, webauthn:extension:minPinLength: true, webauthn:extension:prf: true, webauthn:virtualAuthenticators: true}
Session ID: beba6cc7d68df027cbc0c336171e1a6c
at org.openqa.selenium.json.JsonOutput.convertUsingMethod(JsonOutput.java:520)
at org.openqa.selenium.json.JsonOutput.lambda$new$16(JsonOutput.java:182)
at org.openqa.selenium.json.JsonOutput.write0(JsonOutput.java:409)
at org.openqa.selenium.json.JsonOutput.lambda$new$22(JsonOutput.java:204)
at java.base/java.util.stream.ForEachOps$ForEachOp$OfRef.accept(ForEachOps.java:183)
at java.base/java.util.stream.ReferencePipeline$2$1.accept(ReferencePipeline.java:179)
at java.base/java.util.Iterator.forEachRemaining(Iterator.java:133)
at java.base/java.util.Spliterators$IteratorSpliterator.forEachRemaining(Spliterators.java:1845)
at java.base/java.util.stream.AbstractPipeline.copyInto(AbstractPipeline.java:509)
at java.base/java.util.stream.AbstractPipeline.wrapAndCopyInto(AbstractPipeline.java:499)
at java.base/java.util.stream.ForEachOps$ForEachOp.evaluateSequential(ForEachOps.java:150)
at java.base/java.util.stream.ForEachOps$ForEachOp$OfRef.evaluateSequential(ForEachOps.java:173)
at java.base/java.util.stream.AbstractPipeline.evaluate(AbstractPipeline.java:234)
at java.base/java.util.stream.ReferencePipeline.forEach(ReferencePipeline.java:596)
at org.openqa.selenium.json.JsonOutput.lambda$new$23(JsonOutput.java:204)
at org.openqa.selenium.json.JsonOutput.write0(JsonOutput.java:409)
at org.openqa.selenium.json.JsonOutput.lambda$new$24(JsonOutput.java:222)
at java.base/java.util.Map.forEach(Map.java:713)
at org.openqa.selenium.json.JsonOutput.lambda$new$25(JsonOutput.java:217)
at org.openqa.selenium.json.JsonOutput.write0(JsonOutput.java:409)
at org.openqa.selenium.json.JsonOutput.write(JsonOutput.java:400)
at org.openqa.selenium.json.Json.toJson(Json.java:133)
at org.openqa.selenium.json.Json.toJson(Json.java:119)
at org.openqa.selenium.remote.codec.AbstractHttpCommandCodec.encode(AbstractHttpCommandCodec.java:245)
at org.openqa.selenium.remote.codec.AbstractHttpCommandCodec.encode(AbstractHttpCommandCodec.java:111)
at org.openqa.selenium.remote.HttpCommandExecutor.execute(HttpCommandExecutor.java:178)
at org.openqa.selenium.remote.service.DriverCommandExecutor.invokeExecute(DriverCommandExecutor.java:216)
at org.openqa.selenium.remote.service.DriverCommandExecutor.execute(DriverCommandExecutor.java:174)
at org.openqa.selenium.remote.RemoteWebDriver.execute(RemoteWebDriver.java:519)
at org.openqa.selenium.remote.RemoteWebDriver.perform(RemoteWebDriver.java:605)
at org.openqa.selenium.interactions.Actions$BuiltAction.perform(Actions.java:603)
at com.myStore.actionDriver.Action.click(Action.java:43)
at com.myStore.pageObjects.IndexPage.clickOnSignIn(IndexPage.java:30)
at com.myStore.testScripts.LoginPageTest.loginTest(LoginPageTest.java:40)
at java.base/jdk.internal.reflect.NativeMethodAccessorImpl.invoke0(Native Method)
at java.base/jdk.internal.reflect.NativeMethodAccessorImpl.invoke(NativeMethodAccessorImpl.java:77)
at java.base/jdk.internal.reflect.DelegatingMethodAccessorImpl.invoke(DelegatingMethodAccessorImpl.java:43)
at java.base/java.lang.reflect.Method.invoke(Method.java:568)
at org.testng.internal.MethodInvocationHelper.invokeMethod(MethodInvocationHelper.java:133)
at org.testng.internal.TestInvoker.invokeMethod(TestInvoker.java:598)
at org.testng.internal.TestInvoker.invokeTestMethod(TestInvoker.java:173)
at org.testng.internal.MethodRunner.runInSequence(MethodRunner.java:46)
at org.testng.internal.TestInvoker$MethodInvocationAgent.invoke(TestInvoker.java:824)
at org.testng.internal.TestInvoker.invokeTestMethods(TestInvoker.java:146)
at org.testng.internal.TestMethodWorker.invokeTestMethods(TestMethodWorker.java:146)
at org.testng.internal.TestMethodWorker.run(TestMethodWorker.java:128)
at java.base/java.util.ArrayList.forEach(ArrayList.java:1511)
at org.testng.TestRunner.privateRun(TestRunner.java:794)
at org.testng.TestRunner.run(TestRunner.java:596)
at org.testng.SuiteRunner.runTest(SuiteRunner.java:377)
at org.testng.SuiteRunner.runSequentially(SuiteRunner.java:371)
at org.testng.SuiteRunner.privateRun(SuiteRunner.java:332)
at org.testng.SuiteRunner.run(SuiteRunner.java:276)
at org.testng.SuiteRunnerWorker.runSuite(SuiteRunnerWorker.java:53)
at org.testng.SuiteRunnerWorker.run(SuiteRunnerWorker.java:96)
at org.testng.TestNG.runSuitesSequentially(TestNG.java:1212)
at org.testng.TestNG.runSuitesLocally(TestNG.java:1134)
at org.testng.TestNG.runSuites(TestNG.java:1063)
at org.testng.TestNG.run(TestNG.java:1031)
at org.testng.remote.AbstractRemoteTestNG.run(AbstractRemoteTestNG.java:115)
at org.testng.remote.RemoteTestNG.initAndRun(RemoteTestNG.java:251)
at org.testng.remote.RemoteTestNG.main(RemoteTestNG.java:77)
Suppressed: org.openqa.selenium.json.JsonException: Attempting to close incomplete json stream
Build info: version: '4.18.1', revision: 'b1d3319b48'
System info: os.name: 'Windows 11', os.arch: 'amd64', os.version: '10.0', java.version: '17.0.10'
Driver info: driver.version: RemoteWebDriver
at org.openqa.selenium.json.JsonOutput.close(JsonOutput.java:431)
at org.openqa.selenium.json.Json.toJson(Json.java:131)
... 40 more
Caused by: java.lang.reflect.InvocationTargetException
at java.base/jdk.internal.reflect.NativeMethodAccessorImpl.invoke0(Native Method)
at java.base/jdk.internal.reflect.NativeMethodAccessorImpl.invoke(NativeMethodAccessorImpl.java:77)
at java.base/jdk.internal.reflect.DelegatingMethodAccessorImpl.invoke(DelegatingMethodAccessorImpl.java:43)
at java.base/java.lang.reflect.Method.invoke(Method.java:568)
at org.openqa.selenium.json.JsonOutput.convertUsingMethod(JsonOutput.java:516)
... 61 more
Caused by: org.openqa.selenium.NoSuchElementException: no such element: Unable to locate element: {"method":"xpath","selector":"//a[@class='login']"}
  (Session info: chrome=123.0.6312.86)
For documentation on this error, please visit: https://www.selenium.dev/documentation/webdriver/troubleshooting/errors#no-such-element-exception
Build info: version: '4.18.1', revision: 'b1d3319b48'
System info: os.name: 'Windows 11', os.arch: 'amd64', os.version: '10.0', java.version: '17.0.10'
Driver info: org.openqa.selenium.chrome.ChromeDriver
Command: [beba6cc7d68df027cbc0c336171e1a6c, findElement {using=xpath, value=//a[@class='login']}]
Capabilities {acceptInsecureCerts: false, browserName: chrome, browserVersion: 123.0.6312.86, chrome: {chromedriverVersion: 123.0.6312.86 (9b72c47a0536..., userDataDir: C:\Users\deven\AppData\Loca...}, fedcm:accounts: true, goog:chromeOptions: {debuggerAddress: localhost:59238}, networkConnectionEnabled: false, pageLoadStrategy: normal, platformName: windows, proxy: Proxy(), se:cdp: ws://localhost:59238/devtoo..., se:cdpVersion: 123.0.6312.86, setWindowRect: true, strictFileInteractability: false, timeouts: {implicit: 0, pageLoad: 300000, script: 30000}, unhandledPromptBehavior: dismiss and notify, webauthn:extension:credBlob: true, webauthn:extension:largeBlob: true, webauthn:extension:minPinLength: true, webauthn:extension:prf: true, webauthn:virtualAuthenticators: true}
Session ID: beba6cc7d68df027cbc0c336171e1a6c
at java.base/jdk.internal.reflect.NativeConstructorAccessorImpl.newInstance0(Native Method)
at java.base/jdk.internal.reflect.NativeConstructorAccessorImpl.newInstance(NativeConstructorAccessorImpl.java:77)
at java.base/jdk.internal.reflect.DelegatingConstructorAccessorImpl.newInstance(DelegatingConstructorAccessorImpl.java:45)
at java.base/java.lang.reflect.Constructor.newInstanceWithCaller(Constructor.java:499)
at java.base/java.lang.reflect.Constructor.newInstance(Constructor.java:480)
at org.openqa.selenium.remote.ErrorCodec.decode(ErrorCodec.java:167)
at org.openqa.selenium.remote.codec.w3c.W3CHttpResponseCodec.decode(W3CHttpResponseCodec.java:138)
at org.openqa.selenium.remote.codec.w3c.W3CHttpResponseCodec.decode(W3CHttpResponseCodec.java:50)
at org.openqa.selenium.remote.HttpCommandExecutor.execute(HttpCommandExecutor.java:190)
at org.openqa.selenium.remote.service.DriverCommandExecutor.invokeExecute(DriverCommandExecutor.java:216)
at org.openqa.selenium.remote.service.DriverCommandExecutor.execute(DriverCommandExecutor.java:174)
at org.openqa.selenium.remote.RemoteWebDriver.execute(RemoteWebDriver.java:519)
at org.openqa.selenium.remote.ElementLocation$ElementFinder$2.findElement(ElementLocation.java:165)
at org.openqa.selenium.remote.ElementLocation.findElement(ElementLocation.java:59)
at org.openqa.selenium.remote.RemoteWebDriver.findElement(RemoteWebDriver.java:356)
at org.openqa.selenium.remote.RemoteWebDriver.findElement(RemoteWebDriver.java:350)
at org.openqa.selenium.support.pagefactory.DefaultElementLocator.findElement(DefaultElementLocator.java:68)
at org.openqa.selenium.support.pagefactory.internal.LocatingElementHandler.invoke(LocatingElementHandler.java:38)
at jdk.proxy2/jdk.proxy2.$Proxy18.getWrappedElement(Unknown Source)
at org.openqa.selenium.interactions.PointerInput$Origin.asArg(PointerInput.java:259)
at org.openqa.selenium.interactions.PointerInput$Move.encode(PointerInput.java:208)
at org.openqa.selenium.interactions.Sequence.encode(Sequence.java:72)
at org.openqa.selenium.interactions.Sequence.toJson(Sequence.java:81)
... 66 more
]]>
            </full-stacktrace>
          </exception> <!-- org.openqa.selenium.json.JsonException -->
          <reporter-output>
          </reporter-output>
        </test-method> <!-- loginTest -->
        <test-method is-config="true" signature="tearDown()[pri:0, instance:com.myStore.testScripts.LoginPageTest@740cae06]" started-at="2024-04-03T23:19:40 IST" name="tearDown" finished-at="2024-04-03T23:19:40 IST" duration-ms="135" status="PASS">
          <reporter-output>
          </reporter-output>
        </test-method> <!-- tearDown -->
      </class> <!-- com.myStore.testScripts.LoginPageTest -->
      <class name="com.myStore.testScripts.SearchResultPageTest">
        <test-method is-config="true" signature="setup(java.lang.String)[pri:0, instance:com.myStore.testScripts.SearchResultPageTest@298a5e20]" started-at="2024-04-03T23:17:00 IST" name="setup" finished-at="2024-04-03T23:17:13 IST" duration-ms="13350" status="PASS">
          <params>
            <param index="0">
              <value>
                <![CDATA[Chrome]]>
              </value>
            </param>
          </params>
          <reporter-output>
          </reporter-output>
        </test-method> <!-- setup -->
        <test-method signature="productAvailableTest()[pri:0, instance:com.myStore.testScripts.SearchResultPageTest@298a5e20]" started-at="2024-04-03T23:17:13 IST" name="productAvailableTest" finished-at="2024-04-03T23:17:16 IST" duration-ms="2599" status="PASS">
          <reporter-output>
          </reporter-output>
        </test-method> <!-- productAvailableTest -->
        <test-method is-config="true" signature="tearDown()[pri:0, instance:com.myStore.testScripts.SearchResultPageTest@298a5e20]" started-at="2024-04-03T23:17:16 IST" name="tearDown" finished-at="2024-04-03T23:17:16 IST" duration-ms="191" status="PASS">
          <reporter-output>
          </reporter-output>
        </test-method> <!-- tearDown -->
      </class> <!-- com.myStore.testScripts.SearchResultPageTest -->
      <class name="com.myStore.testScripts.EndToEndTest">
        <test-method is-config="true" signature="setup(java.lang.String)[pri:0, instance:com.myStore.testScripts.EndToEndTest@26d9b808]" started-at="2024-04-03T23:19:40 IST" name="setup" finished-at="2024-04-03T23:19:50 IST" duration-ms="10023" status="PASS">
          <params>
            <param index="0">
              <value>
                <![CDATA[Chrome]]>
              </value>
            </param>
          </params>
          <reporter-output>
          </reporter-output>
        </test-method> <!-- setup -->
        <test-method signature="endToEndTest()[pri:0, instance:com.myStore.testScripts.EndToEndTest@26d9b808]" started-at="2024-04-03T23:19:50 IST" name="endToEndTest" finished-at="2024-04-03T23:20:16 IST" duration-ms="25324" status="PASS">
          <reporter-output>
          </reporter-output>
        </test-method> <!-- endToEndTest -->
        <test-method is-config="true" signature="tearDown()[pri:0, instance:com.myStore.testScripts.EndToEndTest@26d9b808]" started-at="2024-04-03T23:20:16 IST" name="tearDown" finished-at="2024-04-03T23:20:16 IST" duration-ms="170" status="PASS">
          <reporter-output>
          </reporter-output>
        </test-method> <!-- tearDown -->
      </class> <!-- com.myStore.testScripts.EndToEndTest -->
      <class name="com.myStore.testScripts.AddToCartPageTest">
        <test-method is-config="true" signature="setup(java.lang.String)[pri:0, instance:com.myStore.testScripts.AddToCartPageTest@f78a47e]" started-at="2024-04-03T23:20:16 IST" name="setup" finished-at="2024-04-03T23:20:20 IST" duration-ms="3822" status="PASS">
          <params>
            <param index="0">
              <value>
                <![CDATA[Chrome]]>
              </value>
            </param>
          </params>
          <reporter-output>
          </reporter-output>
        </test-method> <!-- setup -->
        <test-method signature="addToCartTest()[pri:0, instance:com.myStore.testScripts.AddToCartPageTest@f78a47e]" started-at="2024-04-03T23:20:20 IST" name="addToCartTest" finished-at="2024-04-03T23:20:53 IST" duration-ms="33068" status="PASS">
          <reporter-output>
          </reporter-output>
        </test-method> <!-- addToCartTest -->
        <test-method is-config="true" signature="tearDown()[pri:0, instance:com.myStore.testScripts.AddToCartPageTest@f78a47e]" started-at="2024-04-03T23:20:53 IST" name="tearDown" finished-at="2024-04-03T23:20:53 IST" duration-ms="327" status="PASS">
          <reporter-output>
          </reporter-output>
        </test-method> <!-- tearDown -->
      </class> <!-- com.myStore.testScripts.AddToCartPageTest -->
    </test> <!-- Test_All -->
  </suite> <!-- Suite -->
</testng-results>
