<?xml version="1.0" encoding="UTF-8"?>
<!-- Generated by org.testng.reporters.JUnitXMLReporter -->
<testsuite ignored="15" hostname="INBOOK_Y1_PLUS" failures="1" tests="4" name="Sanityt" time="88.622" errors="0" timestamp="2024-04-03T22:51:42 IST">
  <testcase classname="com.myStore.testScripts.AccountCreationPageTest" name="verifyCreateAccountPageTest" time="4.186"/>
  <testcase classname="com.myStore.testScripts.LoginPageTest" name="loginTest" time="7.581"/>
  <testcase classname="com.myStore.testScripts.LoginPageTest" name="loginTest" time="18.192">
    <failure type="java.lang.AssertionError" message="expected [http://www.automationpractice.pl/index.php?controller=my-account] but found [http://www.automationpractice.pl/index.php?controller=authentication]">
      <![CDATA[java.lang.AssertionError: expected [http://www.automationpractice.pl/index.php?controller=my-account] but found [http://www.automationpractice.pl/index.php?controller=authentication]
at com.myStore.testScripts.LoginPageTest.loginTest(LoginPageTest.java:47)
at java.base/java.util.ArrayList.forEach(ArrayList.java:1511)
... Removed 33 stack frames]]>
    </failure>
  </testcase> <!-- loginTest -->
  <testcase classname="com.myStore.testScripts.AddToCartPageTest" name="addToCartTest" time="7.038"/>
  <testcase classname="com.myStore.testScripts.IndexPageTest" name="verifyLogo" time="0.0">
    <ignored/>
  </testcase> <!-- verifyLogo -->
  <testcase classname="com.myStore.testScripts.HomePageTest" name="adderessPageTest" time="0.0">
    <ignored/>
  </testcase> <!-- adderessPageTest -->
  <testcase classname="com.myStore.base.BaseClass" name="@BeforeSuite loadConfig" time="0.0">
    <ignored/>
  </testcase> <!-- @BeforeSuite loadConfig -->
  <testcase classname="com.myStore.base.BaseClass" name="@BeforeSuite loadConfig" time="0.0">
    <ignored/>
  </testcase> <!-- @BeforeSuite loadConfig -->
  <testcase classname="com.myStore.base.BaseClass" name="@BeforeSuite loadConfig" time="0.0">
    <ignored/>
  </testcase> <!-- @BeforeSuite loadConfig -->
  <testcase classname="com.myStore.base.BaseClass" name="@BeforeSuite loadConfig" time="0.0">
    <ignored/>
  </testcase> <!-- @BeforeSuite loadConfig -->
  <testcase classname="com.myStore.base.BaseClass" name="@BeforeSuite loadConfig" time="0.0">
    <ignored/>
  </testcase> <!-- @BeforeSuite loadConfig -->
  <testcase classname="com.myStore.base.BaseClass" name="@BeforeSuite loadConfig" time="0.0">
    <ignored/>
  </testcase> <!-- @BeforeSuite loadConfig -->
  <testcase classname="com.myStore.base.BaseClass" name="@BeforeSuite loadConfig" time="0.0">
    <ignored/>
  </testcase> <!-- @BeforeSuite loadConfig -->
  <testcase classname="com.myStore.testScripts.HomePageTest" name="salarySlipTest" time="0.0">
    <ignored/>
  </testcase> <!-- salarySlipTest -->
  <testcase classname="com.myStore.testScripts.EndToEndTest" name="endToEndTest" time="0.0">
    <ignored/>
  </testcase> <!-- endToEndTest -->
  <testcase classname="com.myStore.testScripts.HomePageTest" name="orderHistoryTest" time="0.0">
    <ignored/>
  </testcase> <!-- orderHistoryTest -->
  <testcase classname="com.myStore.testScripts.SearchResultPageTest" name="productAvailableTest" time="0.0">
    <ignored/>
  </testcase> <!-- productAvailableTest -->
  <testcase classname="com.myStore.testScripts.IndexPageTest" name="verifyTitle" time="0.0">
    <ignored/>
  </testcase> <!-- verifyTitle -->
  <testcase classname="com.myStore.testScripts.OrderPageTest" name="verifyTotalPrice" time="0.0">
    <ignored/>
  </testcase> <!-- verifyTotalPrice -->
</testsuite> <!-- Sanityt -->
